# JRE version: OpenJDK Runtime Environment (8.0_212-b04) (build 1.8.0_212-release-1586-b04)
# Java VM: OpenJDK 64-Bit Server VM (25.212-b04 mixed mode windows-amd64 compressed oops)
Heap:
 PSYoungGen      total 201216K, used 157160K [0x00000000e0000000, 0x00000000f0700000, 0x0000000100000000)
  eden space 184832K, 76% used [0x00000000e0000000,0x00000000e897e678,0x00000000eb480000)
  from space 16384K, 99% used [0x00000000eb480000,0x00000000ec47bb68,0x00000000ec480000)
  to   space 30720K, 0% used [0x00000000ee900000,0x00000000ee900000,0x00000000f0700000)
 ParOldGen       total 129024K, used 63129K [0x00000000a0000000, 0x00000000a7e00000, 0x00000000e0000000)
  object space 129024K, 48% used [0x00000000a0000000,0x00000000a3da67e0,0x00000000a7e00000)
 Metaspace       used 81731K, capacity 85354K, committed 85720K, reserved 1122304K
  class space    used 11159K, capacity 11914K, committed 11992K, reserved 1048576K
GC Heap History (10 events):
Event: 13.210 GC heap before
{Heap before GC invocations=14 (full 2):
 PSYoungGen      total 132608K, used 132589K [0x00000000e0000000, 0x00000000eab80000, 0x0000000100000000)
  eden space 121856K, 100% used [0x00000000e0000000,0x00000000e7700000,0x00000000e7700000)
  from space 10752K, 99% used [0x00000000e7700000,0x00000000e817b720,0x00000000e8180000)
  to   space 14336K, 0% used [0x00000000e9d80000,0x00000000e9d80000,0x00000000eab80000)
 ParOldGen       total 85504K, used 21349K [0x00000000a0000000, 0x00000000a5380000, 0x00000000e0000000)
  object space 85504K, 24% used [0x00000000a0000000,0x00000000a14d9478,0x00000000a5380000)
 Metaspace       used 56097K, capacity 57794K, committed 57856K, reserved 1099776K
  class space    used 7728K, capacity 8158K, committed 8192K, reserved 1048576K
Event: 13.242 GC heap after
Heap after GC invocations=14 (full 2):
 PSYoungGen      total 159744K, used 13407K [0x00000000e0000000, 0x00000000eaf00000, 0x0000000100000000)
  eden space 145408K, 0% used [0x00000000e0000000,0x00000000e0000000,0x00000000e8e00000)
  from space 14336K, 93% used [0x00000000e9d80000,0x00000000eaa97df0,0x00000000eab80000)
  to   space 15872K, 0% used [0x00000000e8e00000,0x00000000e8e00000,0x00000000e9d80000)
 ParOldGen       total 85504K, used 29020K [0x00000000a0000000, 0x00000000a5380000, 0x00000000e0000000)
  object space 85504K, 33% used [0x00000000a0000000,0x00000000a1c57050,0x00000000a5380000)
 Metaspace       used 56097K, capacity 57794K, committed 57856K, reserved 1099776K
  class space    used 7728K, capacity 8158K, committed 8192K, reserved 1048576K
}
Event: 13.472 GC heap before
{Heap before GC invocations=15 (full 2):
 PSYoungGen      total 159744K, used 29813K [0x00000000e0000000, 0x00000000eaf00000, 0x0000000100000000)
  eden space 145408K, 11% used [0x00000000e0000000,0x00000000e1005958,0x00000000e8e00000)
  from space 14336K, 93% used [0x00000000e9d80000,0x00000000eaa97df0,0x00000000eab80000)
  to   space 15872K, 0% used [0x00000000e8e00000,0x00000000e8e00000,0x00000000e9d80000)
 ParOldGen       total 85504K, used 29020K [0x00000000a0000000, 0x00000000a5380000, 0x00000000e0000000)
  object space 85504K, 33% used [0x00000000a0000000,0x00000000a1c57050,0x00000000a5380000)
 Metaspace       used 57039K, capacity 59026K, committed 59096K, reserved 1099776K
  class space    used 7901K, capacity 8364K, committed 8408K, reserved 1048576K
Event: 13.484 GC heap after
Heap after GC invocations=15 (full 2):
 PSYoungGen      total 161280K, used 8755K [0x00000000e0000000, 0x00000000ed680000, 0x0000000100000000)
  eden space 145408K, 0% used [0x00000000e0000000,0x00000000e0000000,0x00000000e8e00000)
  from space 15872K, 55% used [0x00000000e8e00000,0x00000000e968cef8,0x00000000e9d80000)
  to   space 15360K, 0% used [0x00000000ec780000,0x00000000ec780000,0x00000000ed680000)
 ParOldGen       total 85504K, used 29028K [0x00000000a0000000, 0x00000000a5380000, 0x00000000e0000000)
  object space 85504K, 33% used [0x00000000a0000000,0x00000000a1c59050,0x00000000a5380000)
 Metaspace       used 57039K, capacity 59026K, committed 59096K, reserved 1099776K
  class space    used 7901K, capacity 8364K, committed 8408K, reserved 1048576K
}
Event: 13.484 GC heap before
{Heap before GC invocations=16 (full 3):
 PSYoungGen      total 161280K, used 8755K [0x00000000e0000000, 0x00000000ed680000, 0x0000000100000000)
  eden space 145408K, 0% used [0x00000000e0000000,0x00000000e0000000,0x00000000e8e00000)
  from space 15872K, 55% used [0x00000000e8e00000,0x00000000e968cef8,0x00000000e9d80000)
  to   space 15360K, 0% used [0x00000000ec780000,0x00000000ec780000,0x00000000ed680000)
 ParOldGen       total 85504K, used 29028K [0x00000000a0000000, 0x00000000a5380000, 0x00000000e0000000)
  object space 85504K, 33% used [0x00000000a0000000,0x00000000a1c59050,0x00000000a5380000)
 Metaspace       used 57039K, capacity 59026K, committed 59096K, reserved 1099776K
  class space    used 7901K, capacity 8364K, committed 8408K, reserved 1048576K
Event: 13.884 GC heap after
Heap after GC invocations=16 (full 3):
 PSYoungGen      total 161280K, used 0K [0x00000000e0000000, 0x00000000ed680000, 0x0000000100000000)
  eden space 145408K, 0% used [0x00000000e0000000,0x00000000e0000000,0x00000000e8e00000)
  from space 15872K, 0% used [0x00000000e8e00000,0x00000000e8e00000,0x00000000e9d80000)
  to   space 15360K, 0% used [0x00000000ec780000,0x00000000ec780000,0x00000000ed680000)
 ParOldGen       total 129024K, used 30424K [0x00000000a0000000, 0x00000000a7e00000, 0x00000000e0000000)
  object space 129024K, 23% used [0x00000000a0000000,0x00000000a1db61a0,0x00000000a7e00000)
 Metaspace       used 56916K, capacity 58686K, committed 59096K, reserved 1099776K
  class space    used 7864K, capacity 8298K, committed 8408K, reserved 1048576K
}
Event: 17.129 GC heap before
{Heap before GC invocations=17 (full 3):
 PSYoungGen      total 161280K, used 145408K [0x00000000e0000000, 0x00000000ed680000, 0x0000000100000000)
  eden space 145408K, 100% used [0x00000000e0000000,0x00000000e8e00000,0x00000000e8e00000)
  from space 15872K, 0% used [0x00000000e8e00000,0x00000000e8e00000,0x00000000e9d80000)
  to   space 15360K, 0% used [0x00000000ec780000,0x00000000ec780000,0x00000000ed680000)
 ParOldGen       total 129024K, used 30424K [0x00000000a0000000, 0x00000000a7e00000, 0x00000000e0000000)
  object space 129024K, 23% used [0x00000000a0000000,0x00000000a1db61a0,0x00000000a7e00000)
 Metaspace       used 64402K, capacity 66922K, committed 67032K, reserved 1107968K
  class space    used 8843K, capacity 9424K, committed 9432K, reserved 1048576K
Event: 17.165 GC heap after
Heap after GC invocations=17 (full 3):
 PSYoungGen      total 187392K, used 12922K [0x00000000e0000000, 0x00000000ed480000, 0x0000000100000000)
  eden space 174080K, 0% used [0x00000000e0000000,0x00000000e0000000,0x00000000eaa00000)
  from space 13312K, 97% used [0x00000000ec780000,0x00000000ed41e9d0,0x00000000ed480000)
  to   space 16384K, 0% used [0x00000000eb480000,0x00000000eb480000,0x00000000ec480000)
 ParOldGen       total 129024K, used 30432K [0x00000000a0000000, 0x00000000a7e00000, 0x00000000e0000000)
  object space 129024K, 23% used [0x00000000a0000000,0x00000000a1db81a0,0x00000000a7e00000)
 Metaspace       used 64402K, capacity 66922K, committed 67032K, reserved 1107968K
  class space    used 8843K, capacity 9424K, committed 9432K, reserved 1048576K
}
Event: 20.647 GC heap before
{Heap before GC invocations=18 (full 3):
 PSYoungGen      total 187392K, used 187002K [0x00000000e0000000, 0x00000000ed480000, 0x0000000100000000)
  eden space 174080K, 100% used [0x00000000e0000000,0x00000000eaa00000,0x00000000eaa00000)
  from space 13312K, 97% used [0x00000000ec780000,0x00000000ed41e9d0,0x00000000ed480000)
  to   space 16384K, 0% used [0x00000000eb480000,0x00000000eb480000,0x00000000ec480000)
 ParOldGen       total 129024K, used 30432K [0x00000000a0000000, 0x00000000a7e00000, 0x00000000e0000000)
  object space 129024K, 23% used [0x00000000a0000000,0x00000000a1db81a0,0x00000000a7e00000)
 Metaspace       used 72954K, capacity 76308K, committed 76376K, reserved 1114112K
  class space    used 10124K, capacity 10795K, committed 10840K, reserved 1048576K
Event: 20.707 GC heap after
Heap after GC invocations=18 (full 3):
 PSYoungGen      total 201216K, used 16366K [0x00000000e0000000, 0x00000000f0700000, 0x0000000100000000)
  eden space 184832K, 0% used [0x00000000e0000000,0x00000000e0000000,0x00000000eb480000)
  from space 16384K, 99% used [0x00000000eb480000,0x00000000ec47bb68,0x00000000ec480000)
  to   space 30720K, 0% used [0x00000000ee900000,0x00000000ee900000,0x00000000f0700000)
 ParOldGen       total 129024K, used 63129K [0x00000000a0000000, 0x00000000a7e00000, 0x00000000e0000000)
  object space 129024K, 48% used [0x00000000a0000000,0x00000000a3da67e0,0x00000000a7e00000)
 Metaspace       used 72954K, capacity 76308K, committed 76376K, reserved 1114112K
  class space    used 10124K, capacity 10795K, committed 10840K, reserved 1048576K
}

